This is pdfTeX, Version 3.14159265-2.6-1.40.17 (TeX Live 2016) (preloaded format=pdflatex 2016.9.19)  1 OCT 2017 15:28
entering extended mode
 restricted \write18 enabled.
 file:line:error style messages enabled.
 %&-line parsing enabled.
**/Users/faux/Documents/projects/UIO/sonen/HMS/maler/mal-SOP.tex
(/Users/faux/Documents/projects/UIO/sonen/HMS/maler/mal-SOP.tex
LaTeX2e <2016/03/31>
Babel <3.9r> and hyphenation patterns for 83 language(s) loaded.
(/usr/local/texlive/2016/texmf-dist/tex/latex/base/article.cls
Document Class: article 2014/09/29 v1.4h Standard LaTeX document class
(/usr/local/texlive/2016/texmf-dist/tex/latex/base/size11.clo
File: size11.clo 2014/09/29 v1.4h Standard LaTeX file (size option)
)
\c@part=\count79
\c@section=\count80
\c@subsection=\count81
\c@subsubsection=\count82
\c@paragraph=\count83
\c@subparagraph=\count84
\c@figure=\count85
\c@table=\count86
\abovecaptionskip=\skip41
\belowcaptionskip=\skip42
\bibindent=\dimen102
)
(/usr/local/texlive/2016/texmf-dist/tex/latex/base/inputenc.sty
Package: inputenc 2015/03/17 v1.2c Input encoding file
\inpenc@prehook=\toks14
\inpenc@posthook=\toks15

(/usr/local/texlive/2016/texmf-dist/tex/latex/base/latin1.def
File: latin1.def 2015/03/17 v1.2c Input encoding file
))
/Users/faux/Documents/projects/UIO/sonen/HMS/maler/mal-SOP.tex:7: Undefined con
trol sequence.
\GenericError  ...                                
                                                    #4  \errhelp \@err@     ...
l.7 \usepackage
               {graphicx}
? 
/Users/faux/Documents/projects/UIO/sonen/HMS/maler/mal-SOP.tex:7: Undefined con
trol sequence.
\GenericError  ...                                
                                                  \let \@err@               ...
l.7 \usepackage
               {graphicx}
? ^^[exit
Type <return> to proceed, S to scroll future error messages,
R to run without stopping, Q to run quietly,
I to insert something, E to edit your file,
1 or ... or 9 to ignore the next 1 to 9 tokens of input,
H for help, X to quit.
? 
/Users/faux/Documents/projects/UIO/sonen/HMS/maler/mal-SOP.tex:7: Undefined con
trol sequence.
\GenericError  ...                                
                                                  \@empty \def \MessageBreak...
l.7 \usepackage
               {graphicx}
? exit
 
Here is how much of TeX's memory you used:
 244 strings out of 493014
 3087 string characters out of 6133351
 53601 words of memory out of 5000000
 3871 multiletter control sequences out of 15000+600000
 3940 words of font info for 15 fonts, out of 8000000 for 9000
 1141 hyphenation exceptions out of 8191
 21i,0n,19p,193b,36s stack positions out of 5000i,500n,10000p,200000b,80000s
No pages of output.
PDF statistics:
 0 PDF objects out of 1000 (max. 8388607)
 0 named destinations out of 1000 (max. 500000)
 1 words of extra memory for PDF output out of 10000 (max. 10000000)

